\BOOKMARK [1][-]{section.1}{Einleitung}{}% 1
\BOOKMARK [1][-]{section.2}{Forschungsmethode}{}% 2
\BOOKMARK [2][-]{subsection.2.1}{Forschungsfrage}{section.2}% 3
\BOOKMARK [2][-]{subsection.2.2}{Datenquellen}{section.2}% 4
\BOOKMARK [2][-]{subsection.2.3}{Abfragezeichenfolge}{section.2}% 5
\BOOKMARK [2][-]{subsection.2.4}{Einschluss und Ausschluss Kriterien}{section.2}% 6
\BOOKMARK [2][-]{subsection.2.5}{Datenextrahierung}{section.2}% 7
\BOOKMARK [2][-]{subsection.2.6}{Protokol Evaluierung und Limitierungen}{section.2}% 8
\BOOKMARK [1][-]{section.3}{Charakterisierung der ausgew\344hlten Studien}{}% 9
\BOOKMARK [1][-]{section.4}{Context-Aware Choreography Adaptation Stategien}{}% 10
\BOOKMARK [2][-]{subsection.4.1}{Modellbasierte Ans\344tze}{section.4}% 11
\BOOKMARK [2][-]{subsection.4.2}{Messungsbasierte Ans\344tze}{section.4}% 12
\BOOKMARK [2][-]{subsection.4.3}{Multiagenten basierte Ans\344tze}{section.4}% 13
\BOOKMARK [2][-]{subsection.4.4}{Formale Methoden basierte Ans\344tze}{section.4}% 14
\BOOKMARK [2][-]{subsection.4.5}{Semantisches Denken basierte Ans\344tze}{section.4}% 15
\BOOKMARK [2][-]{subsection.4.6}{Proxylayer basierte Ans\344tze}{section.4}% 16
\BOOKMARK [1][-]{section.5}{Diskussion}{}% 17
\BOOKMARK [1][-]{section.6}{Verwandte Arbeiten}{}% 18
\BOOKMARK [1][-]{section.7}{Zusammenfassung}{}% 19
\BOOKMARK [1][-]{section*.1}{References}{}% 20
