This is pdfTeX, Version 3.14159265-2.6-1.40.19 (MiKTeX 2.9.6930 64-bit) (preloaded format=pdflatex 2019.3.31)  8 JUL 2019 17:15
entering extended mode
**./ausarbeitung.tex
(ausarbeitung.tex
LaTeX2e <2018-12-01>
(IEEEtran.cls
Document Class: IEEEtran 2015/08/26 V1.8b by Michael Shell
-- See the "IEEEtran_HOWTO" manual for usage information.
-- http://www.michaelshell.org/tex/ieeetran/
\@IEEEtrantmpdimenA=\dimen102
\@IEEEtrantmpdimenB=\dimen103
\@IEEEtrantmpdimenC=\dimen104
\@IEEEtrantmpcountA=\count80
\@IEEEtrantmpcountB=\count81
\@IEEEtrantmpcountC=\count82
\@IEEEtrantmptoksA=\toks14
LaTeX Font Info:    Try loading font information for OT1+ptm on input line 503.

("C:\Program Files\MiKTeX 2.9\tex/latex/psnfss\ot1ptm.fd"
File: ot1ptm.fd 2001/06/04 font definitions for OT1/ptm.
)
-- Using IEEE Computer Society mode.
-- Using 8.5in x 11in (letter) paper.
-- Using PDF output.
\@IEEEnormalsizeunitybaselineskip=\dimen105
-- This is a 10 point document.
\CLASSINFOnormalsizebaselineskip=\dimen106
\CLASSINFOnormalsizeunitybaselineskip=\dimen107
\IEEEnormaljot=\dimen108
LaTeX Font Info:    Font shape `OT1/ptm/bx/n' in size <5.01874> not available
(Font)              Font shape `OT1/ptm/b/n' tried instead on input line 1090.
LaTeX Font Info:    Font shape `OT1/ptm/bx/it' in size <5.01874> not available
(Font)              Font shape `OT1/ptm/b/it' tried instead on input line 1090.

LaTeX Font Info:    Font shape `OT1/ptm/bx/n' in size <7.02625> not available
(Font)              Font shape `OT1/ptm/b/n' tried instead on input line 1090.
LaTeX Font Info:    Font shape `OT1/ptm/bx/it' in size <7.02625> not available
(Font)              Font shape `OT1/ptm/b/it' tried instead on input line 1090.

LaTeX Font Info:    Font shape `OT1/ptm/bx/n' in size <8.03> not available
(Font)              Font shape `OT1/ptm/b/n' tried instead on input line 1090.
LaTeX Font Info:    Font shape `OT1/ptm/bx/it' in size <8.03> not available
(Font)              Font shape `OT1/ptm/b/it' tried instead on input line 1090.

LaTeX Font Info:    Font shape `OT1/ptm/bx/n' in size <9.03374> not available
(Font)              Font shape `OT1/ptm/b/n' tried instead on input line 1090.
LaTeX Font Info:    Font shape `OT1/ptm/bx/it' in size <9.03374> not available
(Font)              Font shape `OT1/ptm/b/it' tried instead on input line 1090.

LaTeX Font Info:    Font shape `OT1/ptm/bx/n' in size <10.03749> not available
(Font)              Font shape `OT1/ptm/b/n' tried instead on input line 1090.
LaTeX Font Info:    Font shape `OT1/ptm/bx/it' in size <10.03749> not available

(Font)              Font shape `OT1/ptm/b/it' tried instead on input line 1090.

LaTeX Font Info:    Font shape `OT1/ptm/bx/n' in size <11.04124> not available
(Font)              Font shape `OT1/ptm/b/n' tried instead on input line 1090.
LaTeX Font Info:    Font shape `OT1/ptm/bx/it' in size <11.04124> not available

(Font)              Font shape `OT1/ptm/b/it' tried instead on input line 1090.

LaTeX Font Info:    Font shape `OT1/ptm/bx/n' in size <12.045> not available
(Font)              Font shape `OT1/ptm/b/n' tried instead on input line 1090.
LaTeX Font Info:    Font shape `OT1/ptm/bx/it' in size <12.045> not available
(Font)              Font shape `OT1/ptm/b/it' tried instead on input line 1090.

LaTeX Font Info:    Font shape `OT1/ptm/bx/n' in size <17.06374> not available
(Font)              Font shape `OT1/ptm/b/n' tried instead on input line 1090.
LaTeX Font Info:    Font shape `OT1/ptm/bx/it' in size <17.06374> not available

(Font)              Font shape `OT1/ptm/b/it' tried instead on input line 1090.

LaTeX Font Info:    Font shape `OT1/ptm/bx/n' in size <20.075> not available
(Font)              Font shape `OT1/ptm/b/n' tried instead on input line 1090.
LaTeX Font Info:    Font shape `OT1/ptm/bx/it' in size <20.075> not available
(Font)              Font shape `OT1/ptm/b/it' tried instead on input line 1090.

LaTeX Font Info:    Font shape `OT1/ptm/bx/n' in size <24.09> not available
(Font)              Font shape `OT1/ptm/b/n' tried instead on input line 1090.
LaTeX Font Info:    Font shape `OT1/ptm/bx/it' in size <24.09> not available
(Font)              Font shape `OT1/ptm/b/it' tried instead on input line 1090.

\IEEEquantizedlength=\dimen109
\IEEEquantizedlengthdiff=\dimen110
\IEEEquantizedtextheightdiff=\dimen111
\IEEEilabelindentA=\dimen112
\IEEEilabelindentB=\dimen113
\IEEEilabelindent=\dimen114
\IEEEelabelindent=\dimen115
\IEEEdlabelindent=\dimen116
\IEEElabelindent=\dimen117
\IEEEiednormlabelsep=\dimen118
\IEEEiedmathlabelsep=\dimen119
\IEEEiedtopsep=\skip41
\c@section=\count83
\c@subsection=\count84
\c@subsubsection=\count85
\c@paragraph=\count86
\c@IEEEsubequation=\count87
\abovecaptionskip=\skip42
\belowcaptionskip=\skip43
\c@figure=\count88
\c@table=\count89
\@IEEEeqnnumcols=\count90
\@IEEEeqncolcnt=\count91
\@IEEEsubeqnnumrollback=\count92
\@IEEEquantizeheightA=\dimen120
\@IEEEquantizeheightB=\dimen121
\@IEEEquantizeheightC=\dimen122
\@IEEEquantizeprevdepth=\dimen123
\@IEEEquantizemultiple=\count93
\@IEEEquantizeboxA=\box27
\@IEEEtmpitemindent=\dimen124
\IEEEPARstartletwidth=\dimen125
\c@IEEEbiography=\count94
\@IEEEtranrubishbin=\box28
) ("C:\Program Files\MiKTeX 2.9\tex/latex/cite\cite.sty"
LaTeX Info: Redefining \cite on input line 302.
LaTeX Info: Redefining \nocite on input line 332.
Package: cite 2015/02/27  v 5.5
)
("C:\Program Files\MiKTeX 2.9\tex/latex/hyperref\hyperref.sty"
Package: hyperref 2018/11/30 v6.88e Hypertext links for LaTeX

("C:\Program Files\MiKTeX 2.9\tex/generic/oberdiek\hobsub-hyperref.sty"
Package: hobsub-hyperref 2016/05/16 v1.14 Bundle oberdiek, subset hyperref (HO)


("C:\Program Files\MiKTeX 2.9\tex/generic/oberdiek\hobsub-generic.sty"
Package: hobsub-generic 2016/05/16 v1.14 Bundle oberdiek, subset generic (HO)
Package: hobsub 2016/05/16 v1.14 Construct package bundles (HO)
Package: infwarerr 2016/05/16 v1.4 Providing info/warning/error messages (HO)
Package: ltxcmds 2016/05/16 v1.23 LaTeX kernel commands for general use (HO)
Package: ifluatex 2016/05/16 v1.4 Provides the ifluatex switch (HO)
Package ifluatex Info: LuaTeX not detected.
Package: ifvtex 2016/05/16 v1.6 Detect VTeX and its facilities (HO)
Package ifvtex Info: VTeX not detected.
Package: intcalc 2016/05/16 v1.2 Expandable calculations with integers (HO)
Package: ifpdf 2018/09/07 v3.3 Provides the ifpdf switch
Package: etexcmds 2016/05/16 v1.6 Avoid name clashes with e-TeX commands (HO)
Package: kvsetkeys 2016/05/16 v1.17 Key value parser (HO)
Package: kvdefinekeys 2016/05/16 v1.4 Define keys (HO)
Package: pdftexcmds 2018/09/10 v0.29 Utility functions of pdfTeX for LuaTeX (HO
)
Package pdftexcmds Info: LuaTeX not detected.
Package pdftexcmds Info: \pdf@primitive is available.
Package pdftexcmds Info: \pdf@ifprimitive is available.
Package pdftexcmds Info: \pdfdraftmode found.
Package: pdfescape 2016/05/16 v1.14 Implements pdfTeX's escape features (HO)
Package: bigintcalc 2016/05/16 v1.4 Expandable calculations on big integers (HO
)
Package: bitset 2016/05/16 v1.2 Handle bit-vector datatype (HO)
Package: uniquecounter 2016/05/16 v1.3 Provide unlimited unique counter (HO)
)
Package hobsub Info: Skipping package `hobsub' (already loaded).
Package: letltxmacro 2016/05/16 v1.5 Let assignment for LaTeX macros (HO)
Package: hopatch 2016/05/16 v1.3 Wrapper for package hooks (HO)
Package: xcolor-patch 2016/05/16 xcolor patch
Package: atveryend 2016/05/16 v1.9 Hooks at the very end of document (HO)
Package atveryend Info: \enddocument detected (standard20110627).
Package: atbegshi 2016/06/09 v1.18 At begin shipout hook (HO)
Package: refcount 2016/05/16 v3.5 Data extraction from label references (HO)
Package: hycolor 2016/05/16 v1.8 Color options for hyperref/bookmark (HO)
)
("C:\Program Files\MiKTeX 2.9\tex/latex/graphics\keyval.sty"
Package: keyval 2014/10/28 v1.15 key=value parser (DPC)
\KV@toks@=\toks15
)
("C:\Program Files\MiKTeX 2.9\tex/generic/ifxetex\ifxetex.sty"
Package: ifxetex 2010/09/12 v0.6 Provides ifxetex conditional
)
("C:\Program Files\MiKTeX 2.9\tex/latex/oberdiek\auxhook.sty"
Package: auxhook 2016/05/16 v1.4 Hooks for auxiliary files (HO)
)
("C:\Program Files\MiKTeX 2.9\tex/latex/oberdiek\kvoptions.sty"
Package: kvoptions 2016/05/16 v3.12 Key value format for package options (HO)
)
\@linkdim=\dimen126
\Hy@linkcounter=\count95
\Hy@pagecounter=\count96

("C:\Program Files\MiKTeX 2.9\tex/latex/hyperref\pd1enc.def"
File: pd1enc.def 2018/11/30 v6.88e Hyperref: PDFDocEncoding definition (HO)
Now handling font encoding PD1 ...
... no UTF-8 mapping file for font encoding PD1
)
\Hy@SavedSpaceFactor=\count97

("C:\Program Files\MiKTeX 2.9\tex/latex/00miktex\hyperref.cfg"
File: hyperref.cfg 2002/06/06 v1.2 hyperref configuration of TeXLive
)
Package hyperref Info: Hyper figures OFF on input line 4519.
Package hyperref Info: Link nesting OFF on input line 4524.
Package hyperref Info: Hyper index ON on input line 4527.
Package hyperref Info: Plain pages OFF on input line 4534.
Package hyperref Info: Backreferencing OFF on input line 4539.
Package hyperref Info: Implicit mode ON; LaTeX internals redefined.
Package hyperref Info: Bookmarks ON on input line 4772.
\c@Hy@tempcnt=\count98

("C:\Program Files\MiKTeX 2.9\tex/latex/url\url.sty"
\Urlmuskip=\muskip10
Package: url 2013/09/16  ver 3.4  Verb mode for urls, etc.
)
LaTeX Info: Redefining \url on input line 5125.
\XeTeXLinkMargin=\dimen127
\Fld@menulength=\count99
\Field@Width=\dimen128
\Fld@charsize=\dimen129
Package hyperref Info: Hyper figures OFF on input line 6380.
Package hyperref Info: Link nesting OFF on input line 6385.
Package hyperref Info: Hyper index ON on input line 6388.
Package hyperref Info: backreferencing OFF on input line 6395.
Package hyperref Info: Link coloring OFF on input line 6400.
Package hyperref Info: Link coloring with OCG OFF on input line 6405.
Package hyperref Info: PDF/A mode OFF on input line 6410.
LaTeX Info: Redefining \ref on input line 6450.
LaTeX Info: Redefining \pageref on input line 6454.
\Hy@abspage=\count100
\c@Item=\count101
\c@Hfootnote=\count102
)
Package hyperref Info: Driver (autodetected): hpdftex.

("C:\Program Files\MiKTeX 2.9\tex/latex/hyperref\hpdftex.def"
File: hpdftex.def 2018/11/30 v6.88e Hyperref driver for pdfTeX
\Fld@listcount=\count103
\c@bookmark@seq@number=\count104

("C:\Program Files\MiKTeX 2.9\tex/latex/oberdiek\rerunfilecheck.sty"
Package: rerunfilecheck 2016/05/16 v1.8 Rerun checks for auxiliary files (HO)
Package uniquecounter Info: New unique counter `rerunfilecheck' on input line 2
82.
)
\Hy@SectionHShift=\skip44
)
(ausarbeitung.aux)
\openout1 = `ausarbeitung.aux'.

LaTeX Font Info:    Checking defaults for OML/cmm/m/it on input line 279.
LaTeX Font Info:    ... okay on input line 279.
LaTeX Font Info:    Checking defaults for T1/cmr/m/n on input line 279.
LaTeX Font Info:    ... okay on input line 279.
LaTeX Font Info:    Checking defaults for OT1/cmr/m/n on input line 279.
LaTeX Font Info:    ... okay on input line 279.
LaTeX Font Info:    Checking defaults for OMS/cmsy/m/n on input line 279.
LaTeX Font Info:    ... okay on input line 279.
LaTeX Font Info:    Checking defaults for OMX/cmex/m/n on input line 279.
LaTeX Font Info:    ... okay on input line 279.
LaTeX Font Info:    Checking defaults for U/cmr/m/n on input line 279.
LaTeX Font Info:    ... okay on input line 279.
LaTeX Font Info:    Checking defaults for PD1/pdf/m/n on input line 279.
LaTeX Font Info:    ... okay on input line 279.

-- Lines per column: 58 (exact).
\AtBeginShipoutBox=\box29
Package hyperref Info: Link coloring OFF on input line 279.
("C:\Program Files\MiKTeX 2.9\tex/latex/hyperref\nameref.sty"
Package: nameref 2016/05/21 v2.44 Cross-referencing by name of section

("C:\Program Files\MiKTeX 2.9\tex/generic/oberdiek\gettitlestring.sty"
Package: gettitlestring 2016/05/16 v1.5 Cleanup title references (HO)
)
\c@section@level=\count105
)
LaTeX Info: Redefining \ref on input line 279.
LaTeX Info: Redefining \pageref on input line 279.
LaTeX Info: Redefining \nameref on input line 279.

(ausarbeitung.out) (ausarbeitung.out)
\@outlinefile=\write3
\openout3 = `ausarbeitung.out'.

LaTeX Font Info:    Try loading font information for OT1+phv on input line 337.


("C:\Program Files\MiKTeX 2.9\tex/latex/psnfss\ot1phv.fd"
File: ot1phv.fd 2001/06/04 scalable font definitions for OT1/phv.
)
LaTeX Font Info:    Font shape `OT1/ptm/bx/n' in size <14.05249> not available
(Font)              Font shape `OT1/ptm/b/n' tried instead on input line 337.

Underfull \hbox (badness 2213) in paragraph at lines 499--500
[]\OT1/ptm/b/n/10.03749 RQ3\OT1/ptm/m/n/10.03749 : Was sind die Hauptlim-i-ta-t
io-nen und of-fene
 []

[1{C:/Users/Marcel Zeller/AppData/Local/MiKTeX/2.9/pdftex/config/pdftex.map}


]
Underfull \hbox (badness 10000) in paragraph at lines 510--511
[]\OT1/ptm/m/n/10.03749 (iv) Welche Gren-zen wer-den einem Sit-u-a-tion-s-
 []

LaTeX Font Info:    Calculating math sizes for size <10.03749> on input line 51
4.
LaTeX Font Info:    External font `cmex10' loaded for size
(Font)              <10.03749> on input line 514.
LaTeX Font Info:    External font `cmex10' loaded for size
(Font)              <7.0262> on input line 514.
LaTeX Font Info:    External font `cmex10' loaded for size
(Font)              <5.01874> on input line 514.
LaTeX Font Info:    Calculating math sizes for size <8.03> on input line 514.
LaTeX Font Info:    External font `cmex10' loaded for size
(Font)              <8.03> on input line 514.
LaTeX Font Info:    External font `cmex10' loaded for size
(Font)              <5.62097> on input line 514.
LaTeX Font Info:    External font `cmex10' loaded for size
(Font)              <4.015> on input line 514.

Underfull \hbox (badness 2310) in paragraph at lines 514--515
\OT1/ptm/m/n/10.03749 durch Skripte au-toma-tisiert. Die Daten-quellen wur-den
 []


Underfull \hbox (badness 3503) in paragraph at lines 518--520
[]\OT1/ptm/m/n/10.03749 Die Suchen wur-den mit Hilfe von Suchan-fra-gen
 []


Underfull \hbox (badness 8019) in paragraph at lines 521--523
[]\OT1/ptm/m/n/10.03749 Aus der Kom-bi-na-tion ent-standen 3 Suchbl[]ocke.
 []


Underfull \hbox (badness 1796) in paragraph at lines 521--523
\OT1/ptm/m/n/10.03749 Der er-ste Block ist f[]ur \OT1/ptm/m/it/10.03749 context
-ware\OT1/ptm/m/n/10.03749 , der zweite f[]ur
 []


Underfull \hbox (badness 1558) in paragraph at lines 521--523
\OT1/ptm/m/it/10.03749 chore-og-ra-phy \OT1/ptm/m/n/10.03749 und der dritte Blo
ck f[]ur \OT1/ptm/m/it/10.03749 adap-tion\OT1/ptm/m/n/10.03749 . Die
 []


Underfull \hbox (badness 10000) in paragraph at lines 521--523

 []


Underfull \hbox (badness 10000) in paragraph at lines 524--554

 []


Underfull \hbox (badness 2150) in paragraph at lines 561--562
[]\OT1/ptm/m/n/10.03749 Hier fehlt wie wir entschieden haben ob wir es
 []

[2]
Underfull \hbox (badness 7099) in paragraph at lines 624--626
\OT1/ptm/m/n/10.03749 um die Forschungs-fra-gen zu beant-worten. Zun[]achst
 []


Underfull \hbox (badness 1701) in paragraph at lines 628--632
[]\OT1/ptm/m/n/10.03749 Narendra und Gun-dugola [[]6[]] zeigen einen Ansatz
 []


Underfull \hbox (badness 3895) in paragraph at lines 628--632
\OT1/ptm/m/n/10.03749 zur An-pas-sung von zusam-menge-set-zten Web Ser-vice
 []


Underfull \hbox (badness 2150) in paragraph at lines 628--632
\OT1/ptm/m/n/10.03749 wer-den in ver-schiedene Typen klas-si-fiziert: C-Kontext

 []


Underfull \hbox (badness 1484) in paragraph at lines 628--632
\OT1/ptm/m/n/10.03749 tands des Work-flows im Falle eines Fehlers w[]ahrend
 []


Underfull \hbox (badness 2027) in paragraph at lines 634--638
[]\OT1/ptm/m/n/10.03749 Der Ansatz Geihs et al. [[]7[]] zielt auf Umge-bun-
 []


Underfull \hbox (badness 2469) in paragraph at lines 634--638
\OT1/ptm/m/n/10.03749 An-wen-dun-gen genutzt wer-den k[]onnen. Dabei ist das
 []


Underfull \hbox (badness 2351) in paragraph at lines 634--638
\OT1/ptm/m/n/10.03749 den Kontext-Eigenschaften ab, son-dern auch von der
 []

[3]
Underfull \hbox (badness 10000) in paragraph at lines 648--648
 \OT1/ptm/b/n/11.04124 4.5. Context-Aware Ser-vice Com-po-si-tion A
 []


Underfull \vbox (badness 10000) has occurred while \output is active []


Underfull \hbox (badness 2951) in paragraph at lines 654--657
\OT1/ptm/m/n/10.03749 wird als Schritt nach vorne gese-hen, wobei weit-ere
 []

[4]
Underfull \hbox (badness 1496) in paragraph at lines 667--673
\OT1/ptm/m/n/10.03749 sta-biler Zu-s-tand des Sys-tems ist einer, bei dem sich
 []


Underfull \hbox (badness 1859) in paragraph at lines 675--678
[]\OT1/ptm/m/n/10.03749 Dorn et al.  [[]14[]] stellen einen Ansatz zur kon-
 []


Underfull \hbox (badness 1831) in paragraph at lines 675--678
\OT1/ptm/m/n/10.03749 er-mit-telt wird. Eine Kon-fig-u-ra-tion wird neu be-w-er
tet,
 []


Underfull \hbox (badness 3058) in paragraph at lines 675--678
\OT1/ptm/m/n/10.03749 trof-fen sind. Die An-forderungsregeln gener-ieren neue
 []


Underfull \vbox (badness 7558) has occurred while \output is active []

 [5]
Underfull \hbox (badness 3449) in paragraph at lines 698--699
\OT1/ptm/m/n/10.03749 Verbindun-gen zu an-deren Ob-jek-ten zugewiesen. Eine
 []


Underfull \hbox (badness 2326) in paragraph at lines 698--699
\OT1/ptm/m/n/10.03749 Komposition kann dann auf die tats[]achliche Service-
 []

[6]
Underfull \hbox (badness 10000) in paragraph at lines 700--701
[]\OT1/ptm/m/n/10.03749 Der Ansatz un-terst[]utzt Funk-tionale und Nicht-
 []


Underfull \hbox (badness 4193) in paragraph at lines 700--701
\OT1/ptm/m/n/10.03749 Funktionale An-forderun-gen (RQ2 i) und funk-tion-iert
 []


Underfull \hbox (badness 3838) in paragraph at lines 720--721
\OT1/ptm/m/n/10.03749 F[]ur Schritt zwei und drei wer-den ser-vice-spez-i-fis-c
he
 []

[7]
Underfull \hbox (badness 10000) in paragraph at lines 730--731

 []

(ausarbeitung.bbl)

** Conference Paper **
Before submitting the final camera ready copy, remember to:

 1. Manually equalize the lengths of two columns on the last page
 of your paper;

 2. Ensure that any PostScript and/or PDF output post-processing
 uses only Type 1 fonts and that every step in the generation
 process uses the appropriate paper size.

Package atveryend Info: Empty hook `BeforeClearDocument' on input line 783.
[8]
Package atveryend Info: Empty hook `AfterLastShipout' on input line 783.
 (ausarbeitung.aux)
Package atveryend Info: Executing hook `AtVeryEndDocument' on input line 783.
Package atveryend Info: Executing hook `AtEndAfterFileList' on input line 783.
Package rerunfilecheck Info: File `ausarbeitung.out' has not changed.
(rerunfilecheck)             Checksum: 06ED0A2D96FE6805F2A2B233B55E6814;2917.
Package atveryend Info: Empty hook `AtVeryVeryEnd' on input line 783.
 ) 
Here is how much of TeX's memory you used:
 5345 strings out of 492946
 84864 string characters out of 3135501
 182253 words of memory out of 3000000
 9169 multiletter control sequences out of 15000+200000
 43611 words of font info for 78 fonts, out of 3000000 for 9000
 1144 hyphenation exceptions out of 8191
 28i,10n,28p,1406b,310s stack positions out of 5000i,500n,10000p,200000b,50000s
{C:/Program Files/MiKTeX 2.9/fonts/enc/dvips/base/8r.enc}<C:/Program Files/Mi
KTeX 2.9/fonts/type1/public/amsfonts/cm/cmsy7.pfb><C:/Program Files/MiKTeX 2.9/
fonts/type1/urw/times/utmb8a.pfb><C:/Program Files/MiKTeX 2.9/fonts/type1/urw/t
imes/utmbi8a.pfb><C:/Program Files/MiKTeX 2.9/fonts/type1/urw/times/utmr8a.pfb>
<C:/Program Files/MiKTeX 2.9/fonts/type1/urw/times/utmri8a.pfb>
Output written on ausarbeitung.pdf (8 pages, 139299 bytes).
PDF statistics:
 296 PDF objects out of 1000 (max. 8388607)
 69 named destinations out of 1000 (max. 500000)
 249 words of extra memory for PDF output out of 10000 (max. 10000000)

